	Exporter version: 4.6.1, Blender version: 2.77 (sub 0)
========= Conversion from Blender to Babylon.js =========
	Scene settings used:
		selected layers only:  false
		flat shading entire scene:  false
		inline textures:  false
		texture directory:  C:\Users\Sara\Desktop\progetti\università\Computer Graphics\supercar\assets\
	Python World class constructor completed
	processing begun of mesh:  Cube
		processing begun of Standard material:  Material.001
			Diffuse texture found "Texture.003"
				Image texture found, type:  diffuseTexture, mapped using: "UVMap"
		num positions      :  1397
		num normals        :  1397
		num uvs            :  2794
		num uvs2           :  0
		num colors         :  0
		num indices        :  2067
	processing begun of camera (FreeCamera):  Camera
	processing begun of light (POINT):  Point
	processing begun of light (POINT):  Lamp
========= Writing of scene file started =========
========= Writing of scene file completed =========
========= end of processing =========
elapsed time:  0 min, 0.0868 secs
